TN:
SF:src/Observable.ts
FN:13,<instance_members_initializer>
FN:15,ObservableClass
FN:20,subscribe
FN:31,unsubscribe
FN:44,notify
FN:53,get observers
FNF:6
FNH:6
FNDA:5,<instance_members_initializer>
FNDA:5,ObservableClass
FNDA:8,subscribe
FNDA:2,unsubscribe
FNDA:3,notify
FNDA:11,get observers
DA:1,1
DA:2,1
DA:3,1
DA:4,1
DA:5,1
DA:6,1
DA:7,1
DA:8,1
DA:9,1
DA:10,1
DA:11,1
DA:12,1
DA:13,1
DA:14,5
DA:15,5
DA:16,5
DA:17,5
DA:18,5
DA:19,5
DA:20,5
DA:21,8
DA:22,1
DA:23,8
DA:24,7
DA:25,7
DA:26,8
DA:27,5
DA:28,5
DA:29,5
DA:30,5
DA:31,5
DA:32,2
DA:33,2
DA:34,1
DA:35,1
DA:36,1
DA:37,1
DA:38,2
DA:39,5
DA:40,5
DA:41,5
DA:42,5
DA:43,5
DA:44,5
DA:45,3
DA:46,6
DA:47,3
DA:48,3
DA:49,5
DA:50,5
DA:51,5
DA:52,5
DA:53,5
DA:54,11
DA:55,11
DA:56,5
LF:56
LH:56
BRDA:13,0,0,5
BRDA:15,1,0,5
BRDA:20,2,0,8
BRDA:21,3,0,1
BRDA:23,4,0,7
BRDA:31,5,0,2
BRDA:33,6,0,1
BRDA:44,7,0,3
BRDA:45,8,0,6
BRDA:53,9,0,11
BRF:10
BRH:10
end_of_record
TN:
SF:src/Observer.ts
FN:13,<instance_members_initializer>
FN:14,ObserverClass
FN:19,update
FN:26,get id
FN:33,get data
FNF:5
FNH:5
FNDA:16,<instance_members_initializer>
FNDA:16,ObserverClass
FNDA:12,update
FNDA:3,get id
FNDA:3,get data
DA:1,1
DA:2,1
DA:3,1
DA:4,1
DA:5,1
DA:6,1
DA:7,1
DA:8,1
DA:9,1
DA:10,1
DA:11,1
DA:12,1
DA:13,1
DA:14,16
DA:15,16
DA:16,16
DA:17,16
DA:18,16
DA:19,16
DA:20,12
DA:21,12
DA:22,12
DA:23,16
DA:24,16
DA:25,16
DA:26,16
DA:27,3
DA:28,3
DA:29,16
DA:30,16
DA:31,16
DA:32,16
DA:33,16
DA:34,3
DA:35,3
DA:36,16
LF:36
LH:36
BRDA:13,0,0,16
BRDA:14,1,0,16
BRDA:19,2,0,12
BRDA:26,3,0,3
BRDA:33,4,0,3
BRF:5
BRH:5
end_of_record
